{"level":"error","message":"GET en /api/users/login - at 20/3/2024 - 21:15:09"}
{"level":"error","message":"GET en /js/login.js - at 20/3/2024 - 21:15:09"}
{"level":"error","message":"GET en /favicon.ico - at 20/3/2024 - 21:15:09"}
{"level":"error","message":"GET en /api/users/login - at 20/3/2024 - 21:15:36"}
{"level":"error","message":"GET en /js/login.js - at 20/3/2024 - 21:15:36"}
{"level":"error","message":"GET en /api/sessions/recuperarpass - at 20/3/2024 - 21:15:40"}
{"level":"error","message":"GET en /api/users/login - at 1/4/2024 - 19:12:24"}
{"level":"error","message":"GET en /js/login.js - at 1/4/2024 - 19:12:24"}
{"level":"error","message":"GET en /favicon.ico - at 1/4/2024 - 19:12:25"}
{"level":"error","message":"POST en /api/sessions/login - at 1/4/2024 - 19:13:56"}
{"level":"error","message":"GET en /api/sessions/api/sessions/fail-login - at 1/4/2024 - 19:13:56"}
{"level":"error","message":"POST en /api/sessions/login - at 1/4/2024 - 19:14:00"}
{"level":"error","message":"GET en /api/sessions/api/sessions/fail-login - at 1/4/2024 - 19:14:00"}
{"level":"error","message":"POST en /api/sessions/login - at 1/4/2024 - 19:14:23"}
{"level":"error","message":"GET en /api/products - at 1/4/2024 - 19:14:25"}
{"level":"error","message":"GET en /css/styles.css - at 1/4/2024 - 19:14:25"}
{"level":"error","message":"GET en /js/add.products.js - at 1/4/2024 - 19:14:25"}
{"level":"error","message":"GET en /api/sessions/profile - at 1/4/2024 - 19:14:49"}
{"level":"error","message":"GET en /api/users/login - at 1/4/2024 - 19:18:16"}
{"level":"error","message":"GET en /js/login.js - at 1/4/2024 - 19:18:16"}
{"level":"error","message":"POST en /api/sessions/login - at 1/4/2024 - 19:18:34"}
{"level":"error","message":"GET en /api/products - at 1/4/2024 - 19:18:37"}
{"level":"error","message":"GET en /css/styles.css - at 1/4/2024 - 19:18:38"}
{"level":"error","message":"GET en /js/add.products.js - at 1/4/2024 - 19:18:38"}
{"level":"error","message":"GET en /api/users/premium - at 1/4/2024 - 19:18:56"}
{"level":"error","message":"GET en /api/users/premium/65dfb3153df9f974b033c156 - at 1/4/2024 - 19:19:35"}
{"level":"error","message":"GET en /api/users/login - at 1/4/2024 - 19:27:46"}
{"level":"error","message":"GET en /js/login.js - at 1/4/2024 - 19:27:46"}
{"level":"error","message":"POST en /api/sessions/login - at 1/4/2024 - 19:28:00"}
{"level":"error","message":"GET en /api/products - at 1/4/2024 - 19:28:01"}
{"level":"error","message":"GET en /css/styles.css - at 1/4/2024 - 19:28:02"}
{"level":"error","message":"GET en /js/add.products.js - at 1/4/2024 - 19:28:02"}
{"level":"error","message":"GET en /api/products - at 1/4/2024 - 19:33:06"}
{"level":"error","message":"GET en /api/users/login - at 1/4/2024 - 19:33:08"}
{"level":"error","message":"GET en /js/login.js - at 1/4/2024 - 19:33:09"}
{"level":"error","message":"POST en /api/sessions/login - at 1/4/2024 - 19:33:25"}
{"level":"error","message":"GET en /api/products - at 1/4/2024 - 19:33:26"}
{"level":"error","message":"GET en /css/styles.css - at 1/4/2024 - 19:33:26"}
{"level":"error","message":"GET en /js/add.products.js - at 1/4/2024 - 19:33:27"}
{"level":"error","message":"GET en /api/users/login - at 1/4/2024 - 19:42:54"}
{"level":"error","message":"GET en /js/login.js - at 1/4/2024 - 19:42:54"}
{"level":"error","message":"POST en /api/sessions/login - at 1/4/2024 - 19:43:06"}
{"level":"error","message":"GET en /api/products - at 1/4/2024 - 19:43:07"}
{"level":"error","message":"GET en /js/add.products.js - at 1/4/2024 - 19:43:07"}
{"level":"error","message":"GET en /css/styles.css - at 1/4/2024 - 19:43:07"}
{"level":"error","message":"GET en /api/users/login - at 1/4/2024 - 19:44:35"}
{"level":"error","message":"GET en /js/login.js - at 1/4/2024 - 19:44:35"}
{"level":"error","message":"POST en /api/sessions/login - at 1/4/2024 - 19:44:48"}
{"level":"error","message":"GET en /api/products - at 1/4/2024 - 19:44:49"}
{"level":"error","message":"GET en /css/styles.css - at 1/4/2024 - 19:44:49"}
{"level":"error","message":"GET en /js/add.products.js - at 1/4/2024 - 19:44:50"}
{"level":"error","message":"GET en /api/users/login - at 1/4/2024 - 19:46:42"}
{"level":"error","message":"GET en /js/login.js - at 1/4/2024 - 19:46:42"}
{"level":"error","message":"POST en /api/sessions/login - at 1/4/2024 - 19:46:57"}
{"level":"error","message":"GET en /api/products - at 1/4/2024 - 19:46:58"}
{"level":"error","message":"GET en /api/users/login - at 1/4/2024 - 19:47:23"}
{"level":"error","message":"GET en /js/login.js - at 1/4/2024 - 19:47:23"}
{"level":"error","message":"POST en /api/sessions/login - at 1/4/2024 - 19:47:37"}
{"level":"error","message":"GET en /api/products - at 1/4/2024 - 19:47:38"}
{"level":"error","message":"GET en /css/styles.css - at 1/4/2024 - 19:47:38"}
{"level":"error","message":"GET en /js/add.products.js - at 1/4/2024 - 19:47:38"}
{"level":"error","message":"GET en /api/users/login - at 1/4/2024 - 19:55:49"}
{"level":"error","message":"GET en /js/login.js - at 1/4/2024 - 19:55:49"}
{"level":"error","message":"POST en /api/sessions/login - at 1/4/2024 - 19:56:05"}
{"level":"error","message":"GET en /api/products - at 1/4/2024 - 19:56:06"}
{"level":"error","message":"GET en /css/styles.css - at 1/4/2024 - 19:56:07"}
{"level":"error","message":"GET en /js/add.products.js - at 1/4/2024 - 19:56:07"}
{"level":"error","message":"GET en /api/users/login - at 1/4/2024 - 19:58:34"}
{"level":"error","message":"GET en /js/login.js - at 1/4/2024 - 19:58:35"}
{"level":"error","message":"POST en /api/sessions/login - at 1/4/2024 - 19:58:47"}
{"level":"error","message":"GET en /api/products - at 1/4/2024 - 19:58:48"}
{"level":"error","message":"GET en /css/styles.css - at 1/4/2024 - 19:58:48"}
{"level":"error","message":"GET en /js/add.products.js - at 1/4/2024 - 19:58:48"}
{"level":"error","message":"GET en /api/sessions/profile - at 1/4/2024 - 19:58:51"}
{"level":"error","message":"GET en /api/users/login - at 1/4/2024 - 20:05:27"}
{"level":"error","message":"GET en /js/login.js - at 1/4/2024 - 20:05:27"}
{"level":"error","message":"POST en /api/sessions/login - at 1/4/2024 - 20:05:44"}
{"level":"error","message":"GET en /api/products - at 1/4/2024 - 20:05:44"}
{"level":"error","message":"GET en /css/styles.css - at 1/4/2024 - 20:05:45"}
{"level":"error","message":"GET en /js/add.products.js - at 1/4/2024 - 20:05:45"}
{"level":"error","message":"GET en /api/sessions/profile - at 1/4/2024 - 20:05:47"}
{"level":"error","message":"GET en /api/users/login - at 1/4/2024 - 20:08:34"}
{"level":"error","message":"GET en /js/login.js - at 1/4/2024 - 20:08:34"}
{"level":"error","message":"POST en /api/sessions/login - at 1/4/2024 - 20:08:46"}
{"level":"error","message":"GET en /api/products - at 1/4/2024 - 20:08:47"}
{"level":"error","message":"GET en /css/styles.css - at 1/4/2024 - 20:08:47"}
{"level":"error","message":"GET en /js/add.products.js - at 1/4/2024 - 20:08:47"}
{"level":"error","message":"GET en /api/sessions/profile - at 1/4/2024 - 20:08:49"}
{"level":"error","message":"GET en /api/sessions/profile - at 1/4/2024 - 20:09:32"}
{"level":"error","message":"GET en /api/users/login - at 1/4/2024 - 20:09:47"}
{"level":"error","message":"GET en /js/login.js - at 1/4/2024 - 20:09:47"}
{"level":"error","message":"POST en /api/sessions/login - at 1/4/2024 - 20:10:09"}
{"level":"error","message":"GET en /api/products - at 1/4/2024 - 20:10:10"}
{"level":"error","message":"GET en /css/styles.css - at 1/4/2024 - 20:10:10"}
{"level":"error","message":"GET en /js/add.products.js - at 1/4/2024 - 20:10:11"}
{"level":"error","message":"GET en /api/sessions/profile - at 1/4/2024 - 20:10:12"}
{"level":"error","message":"GET en /api/users/login - at 22/4/2024 - 18:43:25"}
{"level":"error","message":"GET en /js/login.js - at 22/4/2024 - 18:43:26"}
{"level":"error","message":"GET en /favicon.ico - at 22/4/2024 - 18:43:26"}
{"level":"error","message":"GET en /api/sessions/recuperarpass - at 22/4/2024 - 18:43:32"}
{"level":"error","message":"GET en /api/users/login - at 22/4/2024 - 18:46:19"}
{"level":"error","message":"GET en /js/login.js - at 22/4/2024 - 18:46:19"}
{"level":"error","message":"GET en /api/sessions/modificarpass - at 22/4/2024 - 18:46:24"}
{"level":"error","message":"POST en /api/sessions/modificarpass - at 22/4/2024 - 18:48:10"}
{"level":"error","message":"GET en /api/users/login - at 22/4/2024 - 18:52:37"}
{"level":"error","message":"GET en /js/login.js - at 22/4/2024 - 18:52:37"}
{"level":"error","message":"GET en /api/sessions/modificarpass - at 22/4/2024 - 18:53:23"}
{"level":"error","message":"POST en /api/sessions/modificarpass - at 22/4/2024 - 18:53:44"}
{"level":"error","message":"GET en /api/users/login - at 22/4/2024 - 18:55:29"}
{"level":"error","message":"GET en /js/login.js - at 22/4/2024 - 18:55:29"}
{"level":"error","message":"GET en /api/sessions/modificarpass - at 22/4/2024 - 18:55:41"}
{"level":"error","message":"POST en /api/sessions/modificarpass - at 22/4/2024 - 18:55:58"}
{"level":"error","message":"GET en /api/users/login - at 22/4/2024 - 18:58:25"}
{"level":"error","message":"GET en /js/login.js - at 22/4/2024 - 18:58:25"}
{"level":"error","message":"GET en /api/sessions/modificarpass - at 22/4/2024 - 18:58:28"}
{"level":"error","message":"POST en /api/sessions/modificarpass - at 22/4/2024 - 18:58:44"}
{"level":"error","message":"GET en /api/users/login - at 22/4/2024 - 19:00:47"}
{"level":"error","message":"GET en /js/login.js - at 22/4/2024 - 19:00:47"}
{"level":"error","message":"GET en /api/sessions/modificarpass - at 22/4/2024 - 19:00:49"}
{"level":"error","message":"POST en /api/sessions/modificarpass - at 22/4/2024 - 19:01:06"}
{"level":"error","message":"GET en /api/users/login - at 22/4/2024 - 19:02:16"}
{"level":"error","message":"GET en /js/login.js - at 22/4/2024 - 19:02:16"}
{"level":"error","message":"GET en /api/sessions/modificarpass - at 22/4/2024 - 19:02:18"}
{"level":"error","message":"POST en /api/sessions/modificarpass - at 22/4/2024 - 19:02:35"}
{"level":"error","message":"GET en /api/users/login - at 22/4/2024 - 19:04:57"}
{"level":"error","message":"GET en /js/login.js - at 22/4/2024 - 19:04:57"}
{"level":"error","message":"GET en /api/sessions/modificarpass - at 22/4/2024 - 19:04:59"}
{"level":"error","message":"POST en /api/sessions/modificarpass - at 22/4/2024 - 19:05:14"}
{"level":"error","message":"GET en /api/users/login - at 22/4/2024 - 19:07:57"}
{"level":"error","message":"GET en /js/login.js - at 22/4/2024 - 19:07:58"}
{"level":"error","message":"GET en /api/sessions/modificarpass - at 22/4/2024 - 19:07:59"}
{"level":"error","message":"POST en /api/sessions/modificarpass - at 22/4/2024 - 19:08:14"}
{"level":"error","message":"GET en /api/users/login - at 22/4/2024 - 19:19:19"}
{"level":"error","message":"GET en /js/login.js - at 22/4/2024 - 19:19:19"}
{"level":"error","message":"GET en /api/sessions/modificarpass - at 22/4/2024 - 19:19:22"}
{"level":"error","message":"POST en /api/sessions/modificarpass - at 22/4/2024 - 19:19:48"}
{"level":"error","message":"GET en /api/users/login - at 22/4/2024 - 19:21:37"}
{"level":"error","message":"GET en /js/login.js - at 22/4/2024 - 19:21:37"}
{"level":"error","message":"GET en /api/sessions/modificarpass - at 22/4/2024 - 19:21:39"}
{"level":"error","message":"POST en /api/sessions/modificarpass - at 22/4/2024 - 19:21:53"}
{"level":"error","message":"GET en /api/users/login - at 22/4/2024 - 19:23:00"}
{"level":"error","message":"GET en /js/login.js - at 22/4/2024 - 19:23:00"}
{"level":"error","message":"GET en /api/sessions/modificarpass - at 22/4/2024 - 19:23:02"}
{"level":"error","message":"POST en /api/sessions/modificarpass - at 22/4/2024 - 19:23:17"}
{"level":"error","message":"GET en /api/users/login - at 22/4/2024 - 19:24:23"}
{"level":"error","message":"GET en /js/login.js - at 22/4/2024 - 19:24:23"}
{"level":"error","message":"GET en /api/sessions/modificarpass - at 22/4/2024 - 19:24:25"}
{"level":"error","message":"POST en /api/sessions/modificarpass - at 22/4/2024 - 19:24:40"}
{"level":"error","message":"GET en /api/users/login - at 22/4/2024 - 19:25:57"}
{"level":"error","message":"GET en /js/login.js - at 22/4/2024 - 19:25:57"}
{"level":"error","message":"GET en /api/sessions/modificarpass - at 22/4/2024 - 19:25:59"}
{"level":"error","message":"POST en /api/sessions/modificarpass - at 22/4/2024 - 19:26:12"}
{"level":"error","message":"GET en /api/users/login - at 22/4/2024 - 19:26:51"}
{"level":"error","message":"GET en /js/login.js - at 22/4/2024 - 19:26:51"}
{"level":"error","message":"GET en /api/sessions/modificarpass - at 22/4/2024 - 19:26:53"}
{"level":"error","message":"POST en /api/sessions/modificarpass - at 22/4/2024 - 19:27:05"}
{"level":"error","message":"GET en /api/users/login - at 22/4/2024 - 19:28:27"}
{"level":"error","message":"GET en /js/login.js - at 22/4/2024 - 19:28:27"}
{"level":"error","message":"GET en /api/sessions/modificarpass - at 22/4/2024 - 19:28:29"}
{"level":"error","message":"POST en /api/sessions/modificarpass - at 22/4/2024 - 19:28:43"}
{"level":"error","message":"GET en /api/users/login - at 22/4/2024 - 19:29:42"}
{"level":"error","message":"GET en /js/login.js - at 22/4/2024 - 19:29:42"}
{"level":"error","message":"GET en /api/sessions/modificarpass - at 22/4/2024 - 19:29:46"}
{"level":"error","message":"POST en /api/sessions/modificarpass - at 22/4/2024 - 19:30:04"}
{"level":"error","message":"GET en /api/users/login - at 22/4/2024 - 19:32:07"}
{"level":"error","message":"GET en /js/login.js - at 22/4/2024 - 19:32:07"}
{"level":"error","message":"GET en /api/sessions/modificarpass - at 22/4/2024 - 19:32:09"}
{"level":"error","message":"POST en /api/sessions/modificarpass - at 22/4/2024 - 19:32:29"}
{"level":"error","message":"GET en /api/users/login - at 22/4/2024 - 19:35:35"}
{"level":"error","message":"GET en /js/login.js - at 22/4/2024 - 19:35:35"}
{"level":"error","message":"GET en /api/sessions/modificarpass - at 22/4/2024 - 19:35:38"}
{"level":"error","message":"POST en /api/sessions/modificarpass - at 22/4/2024 - 19:35:52"}
{"level":"error","message":"GET en /api/users/login - at 23/4/2024 - 20:05:26"}
{"level":"error","message":"GET en /js/login.js - at 23/4/2024 - 20:05:26"}
{"level":"error","message":"GET en /favicon.ico - at 23/4/2024 - 20:05:27"}
{"level":"error","message":"GET en /api/sessions/modificarpass - at 23/4/2024 - 20:05:30"}
{"level":"error","message":"POST en /api/sessions/modificarpass - at 23/4/2024 - 20:05:49"}
{"level":"error","message":"GET en /api/users/login - at 23/4/2024 - 20:08:05"}
{"level":"error","message":"GET en /js/login.js - at 23/4/2024 - 20:08:05"}
{"level":"error","message":"GET en /api/sessions/modificarpass - at 23/4/2024 - 20:08:08"}
{"level":"error","message":"POST en /api/sessions/modificarpass - at 23/4/2024 - 20:09:03"}
{"level":"error","message":"POST en /api/sessions/modificarpass - at 23/4/2024 - 20:11:43"}
{"level":"error","message":"GET en /api/users/login - at 23/4/2024 - 20:13:04"}
{"level":"error","message":"GET en /js/login.js - at 23/4/2024 - 20:13:04"}
{"level":"error","message":"GET en /api/sessions/modificarpass - at 23/4/2024 - 20:13:59"}
{"level":"error","message":"POST en /api/sessions/modificarpass - at 23/4/2024 - 20:14:07"}
{"level":"error","message":"GET en /api/sessions/cambiodepass - at 23/4/2024 - 20:16:13"}
{"level":"error","message":"GET en /api/users/login - at 23/4/2024 - 20:22:36"}
{"level":"error","message":"GET en /js/login.js - at 23/4/2024 - 20:22:36"}
{"level":"error","message":"GET en /api/sessions/modificarpass - at 23/4/2024 - 20:22:39"}
{"level":"error","message":"POST en /api/sessions/modificarpass - at 23/4/2024 - 20:22:47"}
{"level":"error","message":"GET en /api/sessions/modificarpass - at 23/4/2024 - 20:26:59"}
{"level":"error","message":"GET en /api/sessions/cambiodepass - at 23/4/2024 - 20:27:11"}
{"level":"error","message":"GET en /api/users/login - at 23/4/2024 - 20:28:51"}
{"level":"error","message":"GET en /js/login.js - at 23/4/2024 - 20:28:51"}
{"level":"error","message":"GET en /api/sessions/modificarpass - at 23/4/2024 - 20:28:52"}
{"level":"error","message":"POST en /api/sessions/modificarpass - at 23/4/2024 - 20:29:02"}
{"level":"error","message":"POST en /api/sessions/modificarpass - at 23/4/2024 - 20:30:11"}
{"level":"error","message":"GET en /api/sessions/cambiodepass - at 23/4/2024 - 20:30:24"}
{"level":"error","message":"GET en /api/sessions/cambiodepass - at 23/4/2024 - 20:30:24"}
{"level":"error","message":"GET en /api/users/login - at 29/4/2024 - 18:40:29"}
{"level":"error","message":"GET en /js/login.js - at 29/4/2024 - 18:40:29"}
{"level":"error","message":"GET en /favicon.ico - at 29/4/2024 - 18:40:30"}
{"level":"error","message":"GET en /api/sessions/modificarpass - at 29/4/2024 - 18:40:32"}
{"level":"error","message":"POST en /api/sessions/modificarpass - at 29/4/2024 - 18:40:49"}
{"level":"error","message":"GET en /api/sessions/cambiodepass - at 29/4/2024 - 18:41:05"}
{"level":"error","message":"GET en /api/sessions/cambiodepass - at 29/4/2024 - 18:41:05"}
{"level":"error","message":"GET en /api/users/login - at 29/4/2024 - 18:49:15"}
{"level":"error","message":"GET en /js/login.js - at 29/4/2024 - 18:49:15"}
{"level":"error","message":"GET en /api/sessions/modificarpass - at 29/4/2024 - 18:49:19"}
{"level":"error","message":"POST en /api/sessions/modificarpass - at 29/4/2024 - 18:49:31"}
{"level":"error","message":"GET en /api/sessions/cambiodepass - at 29/4/2024 - 18:49:44"}
{"level":"error","message":"GET en /api/sessions/cambiodepass - at 29/4/2024 - 18:49:45"}
{"level":"error","message":"POST en /api/sessions/modificarpass - at 29/4/2024 - 18:52:50"}
{"level":"error","message":"GET en /api/users/login - at 29/4/2024 - 18:55:25"}
{"level":"error","message":"GET en /js/login.js - at 29/4/2024 - 18:55:25"}
{"level":"error","message":"GET en /api/sessions/modificarpass - at 29/4/2024 - 18:55:27"}
{"level":"error","message":"POST en /api/sessions/modificarpass - at 29/4/2024 - 18:55:38"}
{"level":"error","message":"GET en /api/sessions/cambiodepass - at 29/4/2024 - 18:55:51"}
{"level":"error","message":"GET en /api/sessions/cambiodepass - at 29/4/2024 - 18:55:51"}
{"level":"error","message":"POST en /api/sessions/modificarpass - at 29/4/2024 - 18:57:11"}
{"level":"error","message":"GET en /api/sessions/loguin - at 29/4/2024 - 18:57:14"}
{"level":"error","message":"GET en /api/sessions/cambiodepass - at 29/4/2024 - 18:57:26"}
{"level":"error","message":"GET en /api/sessions/cambiodepass - at 29/4/2024 - 18:57:26"}
{"level":"error","message":"POST en /api/sessions/modificarpass - at 29/4/2024 - 18:57:48"}
{"level":"error","message":"GET en /api/users/login - at 29/4/2024 - 19:04:58"}
{"level":"error","message":"GET en /js/login.js - at 29/4/2024 - 19:04:58"}
{"level":"error","message":"GET en /api/sessions/modificarpass - at 29/4/2024 - 19:05:16"}
{"level":"error","message":"POST en /api/sessions/modificarpass - at 29/4/2024 - 19:05:26"}
{"level":"error","message":"GET en /api/sessions/login - at 29/4/2024 - 19:05:29"}
{"level":"error","message":"GET en /api/sessions/cambiodepass - at 29/4/2024 - 19:05:41"}
{"level":"error","message":"GET en /api/sessions/cambiodepass - at 29/4/2024 - 19:05:41"}
{"level":"error","message":"POST en /api/sessions/modificarpass - at 29/4/2024 - 19:06:21"}
{"level":"error","message":"GET en /api/users/login - at 29/4/2024 - 19:08:09"}
{"level":"error","message":"GET en /js/login.js - at 29/4/2024 - 19:08:09"}
{"level":"error","message":"GET en /api/sessions/modificarpass - at 29/4/2024 - 19:08:44"}
{"level":"error","message":"POST en /api/sessions/modificarpass - at 29/4/2024 - 19:09:00"}
{"level":"error","message":"GET en /api/users/login - at 29/4/2024 - 19:09:03"}
{"level":"error","message":"GET en /js/login.js - at 29/4/2024 - 19:09:03"}
{"level":"error","message":"GET en /api/sessions/cambiodepass - at 29/4/2024 - 19:09:30"}
{"level":"error","message":"GET en /api/sessions/cambiodepass - at 29/4/2024 - 19:09:30"}
{"level":"error","message":"POST en /api/sessions/modificarpass - at 29/4/2024 - 19:09:37"}
{"level":"error","message":"GET en /api/sessions/modificarpass - at 29/4/2024 - 19:20:36"}
{"level":"error","message":"POST en /api/sessions/modificarpass - at 29/4/2024 - 19:20:48"}
{"level":"error","message":"GET en /api/users/login - at 29/4/2024 - 19:20:53"}
{"level":"error","message":"GET en /js/login.js - at 29/4/2024 - 19:20:53"}
{"level":"error","message":"GET en /api/sessions/cambiodepass - at 29/4/2024 - 19:21:02"}
{"level":"error","message":"GET en /api/sessions/cambiodepass - at 29/4/2024 - 19:21:02"}
{"level":"error","message":"POST en /api/sessions/modificarpass - at 29/4/2024 - 19:21:10"}
{"level":"error","message":"POST en /api/sessions/login - at 29/4/2024 - 19:23:29"}
{"level":"error","message":"GET en /api/sessions/api/sessions/fail-login - at 29/4/2024 - 19:23:29"}
{"level":"error","message":"GET en /api/sessions/modificarpass - at 29/4/2024 - 19:30:45"}
{"level":"error","message":"GET en /api/users/login - at 29/4/2024 - 19:30:49"}
{"level":"error","message":"GET en /js/login.js - at 29/4/2024 - 19:30:49"}
{"level":"error","message":"GET en /api/sessions/modificarpass - at 29/4/2024 - 19:31:36"}
{"level":"error","message":"POST en /api/sessions/modificarpass - at 29/4/2024 - 19:31:50"}
{"level":"error","message":"GET en /api/users/login - at 29/4/2024 - 19:31:53"}
{"level":"error","message":"GET en /js/login.js - at 29/4/2024 - 19:31:53"}
{"level":"error","message":"GET en /api/sessions/cambiodepass - at 29/4/2024 - 19:32:02"}
{"level":"error","message":"GET en /api/sessions/cambiodepass - at 29/4/2024 - 19:32:02"}
{"level":"error","message":"POST en /api/sessions/cambiodepass - at 29/4/2024 - 19:32:11"}
{"level":"error","message":"GET en /api/users/login - at 29/4/2024 - 19:35:48"}
{"level":"error","message":"GET en /js/login.js - at 29/4/2024 - 19:35:48"}
{"level":"error","message":"GET en /api/sessions/modificarpass - at 29/4/2024 - 19:46:19"}
{"level":"error","message":"POST en /api/sessions/modificarpass - at 29/4/2024 - 19:46:29"}
{"level":"error","message":"GET en /api/users/login - at 29/4/2024 - 19:46:32"}
{"level":"error","message":"GET en /js/login.js - at 29/4/2024 - 19:46:32"}
{"level":"error","message":"GET en /api/sessions/cambiodepass - at 29/4/2024 - 19:46:47"}
{"level":"error","message":"GET en /api/sessions/cambiodepass - at 29/4/2024 - 19:46:47"}
{"level":"error","message":"POST en /api/sessions/cambiodepass - at 29/4/2024 - 19:46:58"}
{"level":"error","message":"GET en /api/users/login - at 29/4/2024 - 19:50:33"}
{"level":"error","message":"GET en /js/login.js - at 29/4/2024 - 19:50:33"}
{"level":"error","message":"GET en /api/sessions/modificarpass - at 29/4/2024 - 19:50:34"}
{"level":"error","message":"POST en /api/sessions/modificarpass - at 29/4/2024 - 19:50:45"}
{"level":"error","message":"GET en /api/users/login - at 29/4/2024 - 19:50:47"}
{"level":"error","message":"GET en /js/login.js - at 29/4/2024 - 19:50:47"}
{"level":"error","message":"GET en /api/sessions/cambiodepass - at 29/4/2024 - 19:51:04"}
{"level":"error","message":"GET en /api/sessions/cambiodepass - at 29/4/2024 - 19:51:05"}
{"level":"error","message":"POST en /api/sessions/cambiodepass - at 29/4/2024 - 19:51:12"}
{"level":"error","message":"GET en /api/sessions/modificarpass - at 29/4/2024 - 20:01:47"}
{"level":"error","message":"POST en /api/sessions/modificarpass - at 29/4/2024 - 20:01:56"}
{"level":"error","message":"GET en /api/users/login - at 29/4/2024 - 20:01:59"}
{"level":"error","message":"GET en /js/login.js - at 29/4/2024 - 20:01:59"}
{"level":"error","message":"GET en /api/sessions/cambiodepass - at 29/4/2024 - 20:02:09"}
{"level":"error","message":"GET en /api/sessions/cambiodepass - at 29/4/2024 - 20:02:09"}
{"level":"error","message":"POST en /api/sessions/cambiodepass - at 29/4/2024 - 20:02:21"}
{"level":"error","message":"GET en /api/users/login - at 29/4/2024 - 20:03:05"}
{"level":"error","message":"GET en /js/login.js - at 29/4/2024 - 20:03:05"}
{"level":"error","message":"GET en /api/sessions/modificarpass - at 29/4/2024 - 20:03:07"}
{"level":"error","message":"POST en /api/sessions/modificarpass - at 29/4/2024 - 20:03:17"}
{"level":"error","message":"GET en /api/users/login - at 29/4/2024 - 20:03:20"}
{"level":"error","message":"GET en /js/login.js - at 29/4/2024 - 20:03:20"}
{"level":"error","message":"GET en /api/sessions/cambiodepass - at 29/4/2024 - 20:03:29"}
{"level":"error","message":"GET en /api/sessions/cambiodepass - at 29/4/2024 - 20:03:29"}
{"level":"error","message":"POST en /api/sessions/cambiodepass - at 29/4/2024 - 20:03:38"}
{"level":"error","message":"GET en /api/users/login - at 2/5/2024 - 19:33:41"}
{"level":"error","message":"GET en /js/login.js - at 2/5/2024 - 19:33:41"}
{"level":"error","message":"GET en /favicon.ico - at 2/5/2024 - 19:33:42"}
{"level":"error","message":"GET en /api/sessions/modificarpass - at 2/5/2024 - 19:33:46"}
{"level":"error","message":"POST en /api/sessions/modificarpass - at 2/5/2024 - 19:33:58"}
{"level":"error","message":"GET en /api/users/login - at 2/5/2024 - 19:34:02"}
{"level":"error","message":"GET en /js/login.js - at 2/5/2024 - 19:34:02"}
{"level":"error","message":"GET en /api/sessions/cambiodepass - at 2/5/2024 - 19:34:11"}
{"level":"error","message":"GET en /api/sessions/cambiodepass - at 2/5/2024 - 19:34:12"}
{"level":"error","message":"POST en /api/sessions/cambiodepass - at 2/5/2024 - 19:34:22"}
{"level":"error","message":"GET en /api/users/login - at 2/5/2024 - 19:51:06"}
{"level":"error","message":"GET en /js/login.js - at 2/5/2024 - 19:51:06"}
{"level":"error","message":"GET en /api/sessions/modificarpass - at 2/5/2024 - 19:53:19"}
{"level":"error","message":"POST en /api/sessions/modificarpass - at 2/5/2024 - 19:53:30"}
{"level":"error","message":"GET en /api/users/login - at 2/5/2024 - 19:53:33"}
{"level":"error","message":"GET en /js/login.js - at 2/5/2024 - 19:53:33"}
{"level":"error","message":"GET en /api/sessions/cambiodepass - at 2/5/2024 - 19:53:47"}
{"level":"error","message":"GET en /api/sessions/cambiodepass - at 2/5/2024 - 19:53:47"}
{"level":"error","message":"POST en /api/sessions/cambiodepass - at 2/5/2024 - 19:53:56"}
{"level":"error","message":"POST en /api/sessions/cambiodepass - at 2/5/2024 - 19:54:19"}
{"level":"error","message":"GET en /api/sessions/modificarpass - at 2/5/2024 - 19:57:29"}
{"level":"error","message":"POST en /api/sessions/modificarpass - at 2/5/2024 - 19:57:39"}
{"level":"error","message":"GET en /api/users/login - at 2/5/2024 - 19:57:42"}
{"level":"error","message":"GET en /js/login.js - at 2/5/2024 - 19:57:42"}
{"level":"error","message":"GET en /api/sessions/cambiodepass - at 2/5/2024 - 19:57:50"}
{"level":"error","message":"GET en /api/sessions/cambiodepass - at 2/5/2024 - 19:57:50"}
{"level":"error","message":"POST en /api/sessions/cambiodepass - at 2/5/2024 - 19:57:58"}
{"level":"error","message":"GET en /api/users/login - at 2/5/2024 - 20:14:15"}
{"level":"error","message":"GET en /js/login.js - at 2/5/2024 - 20:14:15"}
{"level":"error","message":"GET en /api/sessions/modificarpass - at 2/5/2024 - 20:14:17"}
{"level":"error","message":"POST en /api/sessions/modificarpass - at 2/5/2024 - 20:14:28"}
{"level":"error","message":"GET en /api/users/login - at 2/5/2024 - 20:14:31"}
{"level":"error","message":"GET en /js/login.js - at 2/5/2024 - 20:14:31"}
{"level":"error","message":"GET en /api/sessions/cambiodepass - at 2/5/2024 - 20:14:38"}
{"level":"error","message":"GET en /api/sessions/cambiodepass - at 2/5/2024 - 20:14:39"}
{"level":"error","message":"POST en /api/sessions/cambiodepass - at 2/5/2024 - 20:14:48"}
{"level":"error","message":"GET en /api/users/login - at 2/5/2024 - 20:15:39"}
{"level":"error","message":"GET en /js/login.js - at 2/5/2024 - 20:15:39"}
{"level":"error","message":"GET en /api/sessions/modificarpass - at 2/5/2024 - 20:15:41"}
{"level":"error","message":"POST en /api/sessions/modificarpass - at 2/5/2024 - 20:15:52"}
{"level":"error","message":"GET en /api/users/login - at 2/5/2024 - 20:15:55"}
{"level":"error","message":"GET en /js/login.js - at 2/5/2024 - 20:15:55"}
{"level":"error","message":"GET en /api/sessions/cambiodepass - at 2/5/2024 - 20:16:03"}
{"level":"error","message":"GET en /api/sessions/cambiodepass - at 2/5/2024 - 20:16:03"}
{"level":"error","message":"POST en /api/sessions/cambiodepass - at 2/5/2024 - 20:16:12"}
