{"level":"error","message":"GET en /api/users/login - at 20/3/2024 - 21:15:09"}
{"level":"error","message":"GET en /js/login.js - at 20/3/2024 - 21:15:09"}
{"level":"error","message":"GET en /favicon.ico - at 20/3/2024 - 21:15:09"}
{"level":"error","message":"GET en /api/users/login - at 20/3/2024 - 21:15:36"}
{"level":"error","message":"GET en /js/login.js - at 20/3/2024 - 21:15:36"}
{"level":"error","message":"GET en /api/sessions/recuperarpass - at 20/3/2024 - 21:15:40"}
{"level":"error","message":"GET en /api/users/login - at 1/4/2024 - 19:12:24"}
{"level":"error","message":"GET en /js/login.js - at 1/4/2024 - 19:12:24"}
{"level":"error","message":"GET en /favicon.ico - at 1/4/2024 - 19:12:25"}
{"level":"error","message":"POST en /api/sessions/login - at 1/4/2024 - 19:13:56"}
{"level":"error","message":"GET en /api/sessions/api/sessions/fail-login - at 1/4/2024 - 19:13:56"}
{"level":"error","message":"POST en /api/sessions/login - at 1/4/2024 - 19:14:00"}
{"level":"error","message":"GET en /api/sessions/api/sessions/fail-login - at 1/4/2024 - 19:14:00"}
{"level":"error","message":"POST en /api/sessions/login - at 1/4/2024 - 19:14:23"}
{"level":"error","message":"GET en /api/products - at 1/4/2024 - 19:14:25"}
{"level":"error","message":"GET en /css/styles.css - at 1/4/2024 - 19:14:25"}
{"level":"error","message":"GET en /js/add.products.js - at 1/4/2024 - 19:14:25"}
{"level":"error","message":"GET en /api/sessions/profile - at 1/4/2024 - 19:14:49"}
{"level":"error","message":"GET en /api/users/login - at 1/4/2024 - 19:18:16"}
{"level":"error","message":"GET en /js/login.js - at 1/4/2024 - 19:18:16"}
{"level":"error","message":"POST en /api/sessions/login - at 1/4/2024 - 19:18:34"}
{"level":"error","message":"GET en /api/products - at 1/4/2024 - 19:18:37"}
{"level":"error","message":"GET en /css/styles.css - at 1/4/2024 - 19:18:38"}
{"level":"error","message":"GET en /js/add.products.js - at 1/4/2024 - 19:18:38"}
{"level":"error","message":"GET en /api/users/premium - at 1/4/2024 - 19:18:56"}
{"level":"error","message":"GET en /api/users/premium/65dfb3153df9f974b033c156 - at 1/4/2024 - 19:19:35"}
{"level":"error","message":"GET en /api/users/login - at 1/4/2024 - 19:27:46"}
{"level":"error","message":"GET en /js/login.js - at 1/4/2024 - 19:27:46"}
{"level":"error","message":"POST en /api/sessions/login - at 1/4/2024 - 19:28:00"}
{"level":"error","message":"GET en /api/products - at 1/4/2024 - 19:28:01"}
{"level":"error","message":"GET en /css/styles.css - at 1/4/2024 - 19:28:02"}
{"level":"error","message":"GET en /js/add.products.js - at 1/4/2024 - 19:28:02"}
{"level":"error","message":"GET en /api/products - at 1/4/2024 - 19:33:06"}
{"level":"error","message":"GET en /api/users/login - at 1/4/2024 - 19:33:08"}
{"level":"error","message":"GET en /js/login.js - at 1/4/2024 - 19:33:09"}
{"level":"error","message":"POST en /api/sessions/login - at 1/4/2024 - 19:33:25"}
{"level":"error","message":"GET en /api/products - at 1/4/2024 - 19:33:26"}
{"level":"error","message":"GET en /css/styles.css - at 1/4/2024 - 19:33:26"}
{"level":"error","message":"GET en /js/add.products.js - at 1/4/2024 - 19:33:27"}
{"level":"error","message":"GET en /api/users/login - at 1/4/2024 - 19:42:54"}
{"level":"error","message":"GET en /js/login.js - at 1/4/2024 - 19:42:54"}
{"level":"error","message":"POST en /api/sessions/login - at 1/4/2024 - 19:43:06"}
{"level":"error","message":"GET en /api/products - at 1/4/2024 - 19:43:07"}
{"level":"error","message":"GET en /js/add.products.js - at 1/4/2024 - 19:43:07"}
{"level":"error","message":"GET en /css/styles.css - at 1/4/2024 - 19:43:07"}
{"level":"error","message":"GET en /api/users/login - at 1/4/2024 - 19:44:35"}
{"level":"error","message":"GET en /js/login.js - at 1/4/2024 - 19:44:35"}
{"level":"error","message":"POST en /api/sessions/login - at 1/4/2024 - 19:44:48"}
{"level":"error","message":"GET en /api/products - at 1/4/2024 - 19:44:49"}
{"level":"error","message":"GET en /css/styles.css - at 1/4/2024 - 19:44:49"}
{"level":"error","message":"GET en /js/add.products.js - at 1/4/2024 - 19:44:50"}
{"level":"error","message":"GET en /api/users/login - at 1/4/2024 - 19:46:42"}
{"level":"error","message":"GET en /js/login.js - at 1/4/2024 - 19:46:42"}
{"level":"error","message":"POST en /api/sessions/login - at 1/4/2024 - 19:46:57"}
{"level":"error","message":"GET en /api/products - at 1/4/2024 - 19:46:58"}
{"level":"error","message":"GET en /api/users/login - at 1/4/2024 - 19:47:23"}
{"level":"error","message":"GET en /js/login.js - at 1/4/2024 - 19:47:23"}
{"level":"error","message":"POST en /api/sessions/login - at 1/4/2024 - 19:47:37"}
{"level":"error","message":"GET en /api/products - at 1/4/2024 - 19:47:38"}
{"level":"error","message":"GET en /css/styles.css - at 1/4/2024 - 19:47:38"}
{"level":"error","message":"GET en /js/add.products.js - at 1/4/2024 - 19:47:38"}
{"level":"error","message":"GET en /api/users/login - at 1/4/2024 - 19:55:49"}
{"level":"error","message":"GET en /js/login.js - at 1/4/2024 - 19:55:49"}
{"level":"error","message":"POST en /api/sessions/login - at 1/4/2024 - 19:56:05"}
{"level":"error","message":"GET en /api/products - at 1/4/2024 - 19:56:06"}
{"level":"error","message":"GET en /css/styles.css - at 1/4/2024 - 19:56:07"}
{"level":"error","message":"GET en /js/add.products.js - at 1/4/2024 - 19:56:07"}
{"level":"error","message":"GET en /api/users/login - at 1/4/2024 - 19:58:34"}
{"level":"error","message":"GET en /js/login.js - at 1/4/2024 - 19:58:35"}
{"level":"error","message":"POST en /api/sessions/login - at 1/4/2024 - 19:58:47"}
{"level":"error","message":"GET en /api/products - at 1/4/2024 - 19:58:48"}
{"level":"error","message":"GET en /css/styles.css - at 1/4/2024 - 19:58:48"}
{"level":"error","message":"GET en /js/add.products.js - at 1/4/2024 - 19:58:48"}
{"level":"error","message":"GET en /api/sessions/profile - at 1/4/2024 - 19:58:51"}
{"level":"error","message":"GET en /api/users/login - at 1/4/2024 - 20:05:27"}
{"level":"error","message":"GET en /js/login.js - at 1/4/2024 - 20:05:27"}
{"level":"error","message":"POST en /api/sessions/login - at 1/4/2024 - 20:05:44"}
{"level":"error","message":"GET en /api/products - at 1/4/2024 - 20:05:44"}
{"level":"error","message":"GET en /css/styles.css - at 1/4/2024 - 20:05:45"}
{"level":"error","message":"GET en /js/add.products.js - at 1/4/2024 - 20:05:45"}
{"level":"error","message":"GET en /api/sessions/profile - at 1/4/2024 - 20:05:47"}
{"level":"error","message":"GET en /api/users/login - at 1/4/2024 - 20:08:34"}
{"level":"error","message":"GET en /js/login.js - at 1/4/2024 - 20:08:34"}
{"level":"error","message":"POST en /api/sessions/login - at 1/4/2024 - 20:08:46"}
{"level":"error","message":"GET en /api/products - at 1/4/2024 - 20:08:47"}
{"level":"error","message":"GET en /css/styles.css - at 1/4/2024 - 20:08:47"}
{"level":"error","message":"GET en /js/add.products.js - at 1/4/2024 - 20:08:47"}
{"level":"error","message":"GET en /api/sessions/profile - at 1/4/2024 - 20:08:49"}
{"level":"error","message":"GET en /api/sessions/profile - at 1/4/2024 - 20:09:32"}
{"level":"error","message":"GET en /api/users/login - at 1/4/2024 - 20:09:47"}
{"level":"error","message":"GET en /js/login.js - at 1/4/2024 - 20:09:47"}
{"level":"error","message":"POST en /api/sessions/login - at 1/4/2024 - 20:10:09"}
{"level":"error","message":"GET en /api/products - at 1/4/2024 - 20:10:10"}
{"level":"error","message":"GET en /css/styles.css - at 1/4/2024 - 20:10:10"}
{"level":"error","message":"GET en /js/add.products.js - at 1/4/2024 - 20:10:11"}
{"level":"error","message":"GET en /api/sessions/profile - at 1/4/2024 - 20:10:12"}
{"level":"error","message":"GET en /api/users/login - at 2/4/2024 - 20:02:04"}
{"level":"error","message":"GET en /js/login.js - at 2/4/2024 - 20:02:05"}
{"level":"error","message":"GET en /apidocs - at 2/4/2024 - 20:02:22"}
{"level":"error","message":"GET en /apidocs/ - at 2/4/2024 - 20:02:22"}
{"level":"error","message":"GET en /apidocs/swagger-ui.css - at 2/4/2024 - 20:02:22"}
{"level":"error","message":"GET en /apidocs/swagger-ui-bundle.js - at 2/4/2024 - 20:02:22"}
{"level":"error","message":"GET en /apidocs/swagger-ui-standalone-preset.js - at 2/4/2024 - 20:02:22"}
{"level":"error","message":"GET en /apidocs/swagger-ui-init.js - at 2/4/2024 - 20:02:22"}
{"level":"error","message":"GET en /apidocs/favicon-32x32.png - at 2/4/2024 - 20:02:22"}
{"level":"error","message":"GET en /apidocs/ - at 2/4/2024 - 20:12:41"}
{"level":"error","message":"GET en /apidocs/swagger-ui.css - at 2/4/2024 - 20:12:41"}
{"level":"error","message":"GET en /apidocs/swagger-ui-bundle.js - at 2/4/2024 - 20:12:41"}
{"level":"error","message":"GET en /apidocs/swagger-ui-standalone-preset.js - at 2/4/2024 - 20:12:41"}
{"level":"error","message":"GET en /apidocs/swagger-ui-init.js - at 2/4/2024 - 20:12:41"}
{"level":"error","message":"GET en /apidocs/favicon-32x32.png - at 2/4/2024 - 20:12:42"}
{"level":"error","message":"GET en /apidocs/ - at 2/4/2024 - 20:19:32"}
{"level":"error","message":"GET en /apidocs/swagger-ui.css - at 2/4/2024 - 20:19:32"}
{"level":"error","message":"GET en /apidocs/swagger-ui-bundle.js - at 2/4/2024 - 20:19:32"}
{"level":"error","message":"GET en /apidocs/swagger-ui-standalone-preset.js - at 2/4/2024 - 20:19:32"}
{"level":"error","message":"GET en /apidocs/swagger-ui-init.js - at 2/4/2024 - 20:19:32"}
{"level":"error","message":"GET en /apidocs/favicon-32x32.png - at 2/4/2024 - 20:19:32"}
